
  INFO :: FPR Methods vs number of hashes
 ----------------------------------------------------------- 
 INFO :: Test Execution Info 
 INFO :: NUMBER OF ELEMENTS: 600
 INFO :: REFRESH RATE: 5
 INFO :: BATCH OPERATIONS: 200

 INFO :: NUMBER OF HASHES CHOSEN : 3

 INFO :: TABLE SIZE IN BYTES: 50000

 INFO :: TABLE SIZE CHOSEN : 6250
  INFO :: 3 constituent bloom filters initialized in the FBF
  INFO :: FBFs initialized

  INFO :: Starting the refresh FBF thread
  INFO :: Refreshed FBF
  INFO :: Refreshed FBF

Finished inserting test elements
Stopping FBF threads  RESULT :: Smart FPR = 0.00106355
 RESULT :: Effective FPR: 0.000770665
  INFO :: fbf Analysis FPR: 0.000766965
 -----------------------------------------------------------

 ----------------------------------------------------------- 
 INFO :: Test Execution Info 
 INFO :: NUMBER OF ELEMENTS: 600
 INFO :: REFRESH RATE: 5
 INFO :: BATCH OPERATIONS: 200

 INFO :: NUMBER OF HASHES CHOSEN : 4

 INFO :: TABLE SIZE IN BYTES: 50000

 INFO :: TABLE SIZE CHOSEN : 6250
  INFO :: 3 constituent bloom filters initialized in the FBF
  INFO :: FBFs initialized

  INFO :: Starting the refresh FBF thread
  INFO :: Refreshed FBF
  INFO :: Refreshed FBF

Finished inserting test elements
Stopping FBF threads  RESULT :: Smart FPR = 0.000429083
 RESULT :: Effective FPR: 0.000208763
  INFO :: fbf Analysis FPR: 0.000208375
 -----------------------------------------------------------

 ----------------------------------------------------------- 
 INFO :: Test Execution Info 
 INFO :: NUMBER OF ELEMENTS: 600
 INFO :: REFRESH RATE: 5
 INFO :: BATCH OPERATIONS: 200

 INFO :: NUMBER OF HASHES CHOSEN : 5

 INFO :: TABLE SIZE IN BYTES: 50000

 INFO :: TABLE SIZE CHOSEN : 6250
  INFO :: 3 constituent bloom filters initialized in the FBF
  INFO :: FBFs initialized

  INFO :: Starting the refresh FBF thread
  INFO :: Refreshed FBF
  INFO :: Refreshed FBF

Finished inserting test elements
Stopping FBF threads  RESULT :: Smart FPR = 0.00207922
 RESULT :: Effective FPR: 7.07264e-05
  INFO :: fbf Analysis FPR: 7.06639e-05
 -----------------------------------------------------------

 ----------------------------------------------------------- 
 INFO :: Test Execution Info 
 INFO :: NUMBER OF ELEMENTS: 600
 INFO :: REFRESH RATE: 5
 INFO :: BATCH OPERATIONS: 200

 INFO :: NUMBER OF HASHES CHOSEN : 6

 INFO :: TABLE SIZE IN BYTES: 50000

 INFO :: TABLE SIZE CHOSEN : 6250
  INFO :: 3 constituent bloom filters initialized in the FBF
  INFO :: FBFs initialized

  INFO :: Starting the refresh FBF thread
  INFO :: Refreshed FBF
  INFO :: Refreshed FBF

Finished inserting test elements
Stopping FBF threads  RESULT :: Smart FPR = 0.00124891
 RESULT :: Effective FPR: 2.8436e-05
  INFO :: fbf Analysis FPR: 2.8422e-05
 -----------------------------------------------------------

 ----------------------------------------------------------- 
 INFO :: Test Execution Info 
 INFO :: NUMBER OF ELEMENTS: 600
 INFO :: REFRESH RATE: 5
 INFO :: BATCH OPERATIONS: 200

 INFO :: NUMBER OF HASHES CHOSEN : 7

 INFO :: TABLE SIZE IN BYTES: 50000

 INFO :: TABLE SIZE CHOSEN : 6250
  INFO :: 3 constituent bloom filters initialized in the FBF
  INFO :: FBFs initialized

  INFO :: Starting the refresh FBF thread
  INFO :: Refreshed FBF
  INFO :: Refreshed FBF

Finished inserting test elements
Stopping FBF threads  RESULT :: Smart FPR = 2.32066e-05
 RESULT :: Effective FPR: 1.3114e-05
  INFO :: fbf Analysis FPR: 1.311e-05
 -----------------------------------------------------------

 ----------------------------------------------------------- 
 INFO :: Test Execution Info 
 INFO :: NUMBER OF ELEMENTS: 600
 INFO :: REFRESH RATE: 5
 INFO :: BATCH OPERATIONS: 200

 INFO :: NUMBER OF HASHES CHOSEN : 8

 INFO :: TABLE SIZE IN BYTES: 50000

 INFO :: TABLE SIZE CHOSEN : 6250
  INFO :: 3 constituent bloom filters initialized in the FBF
  INFO :: FBFs initialized

  INFO :: Starting the refresh FBF thread
  INFO :: Refreshed FBF
  INFO :: Refreshed FBF

Finished inserting test elements
Stopping FBF threads  RESULT :: Smart FPR = 0.000560727
 RESULT :: Effective FPR: 6.77294e-06
  INFO :: fbf Analysis FPR: 6.77149e-06
 -----------------------------------------------------------

 ----------------------------------------------------------- 
 INFO :: Test Execution Info 
 INFO :: NUMBER OF ELEMENTS: 600
 INFO :: REFRESH RATE: 5
 INFO :: BATCH OPERATIONS: 200

 INFO :: NUMBER OF HASHES CHOSEN : 9

 INFO :: TABLE SIZE IN BYTES: 50000

 INFO :: TABLE SIZE CHOSEN : 6250
  INFO :: 3 constituent bloom filters initialized in the FBF
  INFO :: FBFs initialized

  INFO :: Starting the refresh FBF thread
  INFO :: Refreshed FBF
  INFO :: Refreshed FBF

Finished inserting test elements
Stopping FBF threads  RESULT :: Smart FPR = 0.000277924
 RESULT :: Effective FPR: 3.84818e-06
  INFO :: fbf Analysis FPR: 3.84756e-06
 -----------------------------------------------------------

 ----------------------------------------------------------- 
 INFO :: Test Execution Info 
 INFO :: NUMBER OF ELEMENTS: 600
 INFO :: REFRESH RATE: 5
 INFO :: BATCH OPERATIONS: 200

 INFO :: NUMBER OF HASHES CHOSEN : 10

 INFO :: TABLE SIZE IN BYTES: 50000

 INFO :: TABLE SIZE CHOSEN : 6250
  INFO :: 3 constituent bloom filters initialized in the FBF
  INFO :: FBFs initialized

  INFO :: Starting the refresh FBF thread
  INFO :: Refreshed FBF
  INFO :: Refreshed FBF

Finished inserting test elements
Stopping FBF threads  RESULT :: Smart FPR = 0.000728226
 RESULT :: Effective FPR: 2.37246e-06
  INFO :: fbf Analysis FPR: 2.37215e-06
 -----------------------------------------------------------

 ----------------------------------------------------------- 
 INFO :: Test Execution Info 
 INFO :: NUMBER OF ELEMENTS: 600
 INFO :: REFRESH RATE: 5
 INFO :: BATCH OPERATIONS: 200

 INFO :: NUMBER OF HASHES CHOSEN : 11

 INFO :: TABLE SIZE IN BYTES: 50000

 INFO :: TABLE SIZE CHOSEN : 6250
  INFO :: 3 constituent bloom filters initialized in the FBF
  INFO :: FBFs initialized

  INFO :: Starting the refresh FBF thread
  INFO :: Refreshed FBF
  INFO :: Refreshed FBF

Finished inserting test elements
Stopping FBF threads  RESULT :: Smart FPR = 2.39706e-05
 RESULT :: Effective FPR: 1.56986e-06
  INFO :: fbf Analysis FPR: 1.56969e-06
 -----------------------------------------------------------

 ----------------------------------------------------------- 
 INFO :: Test Execution Info 
 INFO :: NUMBER OF ELEMENTS: 600
 INFO :: REFRESH RATE: 5
 INFO :: BATCH OPERATIONS: 200

 INFO :: NUMBER OF HASHES CHOSEN : 12

 INFO :: TABLE SIZE IN BYTES: 50000

 INFO :: TABLE SIZE CHOSEN : 6250
  INFO :: 3 constituent bloom filters initialized in the FBF
  INFO :: FBFs initialized

  INFO :: Starting the refresh FBF thread
  INFO :: Refreshed FBF
  INFO :: Refreshed FBF

Finished inserting test elements
Stopping FBF threads  RESULT :: Smart FPR = 0.000642075
 RESULT :: Effective FPR: 1.10505e-06
  INFO :: fbf Analysis FPR: 1.10494e-06
 -----------------------------------------------------------

 ----------------------------------------------------------- 
 INFO :: Test Execution Info 
 INFO :: NUMBER OF ELEMENTS: 600
 INFO :: REFRESH RATE: 5
 INFO :: BATCH OPERATIONS: 200

 INFO :: NUMBER OF HASHES CHOSEN : 13

 INFO :: TABLE SIZE IN BYTES: 50000

 INFO :: TABLE SIZE CHOSEN : 6250
  INFO :: 3 constituent bloom filters initialized in the FBF
  INFO :: FBFs initialized

  INFO :: Starting the refresh FBF thread
  INFO :: Refreshed FBF
  INFO :: Refreshed FBF

Finished inserting test elements
Stopping FBF threads  RESULT :: Smart FPR = 0.000491594
 RESULT :: Effective FPR: 8.21435e-07
  INFO :: fbf Analysis FPR: 8.21358e-07
 -----------------------------------------------------------

 ----------------------------------------------------------- 
 INFO :: Test Execution Info 
 INFO :: NUMBER OF ELEMENTS: 600
 INFO :: REFRESH RATE: 5
 INFO :: BATCH OPERATIONS: 200

 INFO :: NUMBER OF HASHES CHOSEN : 14

 INFO :: TABLE SIZE IN BYTES: 50000

 INFO :: TABLE SIZE CHOSEN : 6250
  INFO :: 3 constituent bloom filters initialized in the FBF
  INFO :: FBFs initialized

  INFO :: Starting the refresh FBF thread
  INFO :: Refreshed FBF
  INFO :: Refreshed FBF

Finished inserting test elements
Stopping FBF threads  RESULT :: Smart FPR = 0.00010621
 RESULT :: Effective FPR: 6.40833e-07
  INFO :: fbf Analysis FPR: 6.40776e-07
 -----------------------------------------------------------

 ----------------------------------------------------------- 
 INFO :: Test Execution Info 
 INFO :: NUMBER OF ELEMENTS: 600
 INFO :: REFRESH RATE: 5
 INFO :: BATCH OPERATIONS: 200

 INFO :: NUMBER OF HASHES CHOSEN : 15

 INFO :: TABLE SIZE IN BYTES: 50000

 INFO :: TABLE SIZE CHOSEN : 6250
  INFO :: 3 constituent bloom filters initialized in the FBF
  INFO :: FBFs initialized

  INFO :: Starting the refresh FBF thread
  INFO :: Refreshed FBF
  INFO :: Refreshed FBF

Finished inserting test elements
Stopping FBF threads  RESULT :: Smart FPR = 0.0008243
 RESULT :: Effective FPR: 5.21935e-07
  INFO :: fbf Analysis FPR: 5.21888e-07
 -----------------------------------------------------------

 ----------------------------------------------------------- 
 INFO :: Test Execution Info 
 INFO :: NUMBER OF ELEMENTS: 600
 INFO :: REFRESH RATE: 5
 INFO :: BATCH OPERATIONS: 200

 INFO :: NUMBER OF HASHES CHOSEN : 16

 INFO :: TABLE SIZE IN BYTES: 50000

 INFO :: TABLE SIZE CHOSEN : 6250
  INFO :: 3 constituent bloom filters initialized in the FBF
  INFO :: FBFs initialized

  INFO :: Starting the refresh FBF thread
  INFO :: Refreshed FBF
  INFO :: Refreshed FBF

Finished inserting test elements
Stopping FBF threads  RESULT :: Smart FPR = 0.000482439
 RESULT :: Effective FPR: 4.41797e-07
  INFO :: fbf Analysis FPR: 4.41756e-07
 -----------------------------------------------------------

 ----------------------------------------------------------- 
 INFO :: Test Execution Info 
 INFO :: NUMBER OF ELEMENTS: 600
 INFO :: REFRESH RATE: 5
 INFO :: BATCH OPERATIONS: 200

 INFO :: NUMBER OF HASHES CHOSEN : 17

 INFO :: TABLE SIZE IN BYTES: 50000

 INFO :: TABLE SIZE CHOSEN : 6250
  INFO :: 3 constituent bloom filters initialized in the FBF
  INFO :: FBFs initialized

  INFO :: Starting the refresh FBF thread
  INFO :: Refreshed FBF
  INFO :: Refreshed FBF

Finished inserting test elements
Stopping FBF threads  RESULT :: Smart FPR = 0.000752587
 RESULT :: Effective FPR: 3.87133e-07
  INFO :: fbf Analysis FPR: 3.87095e-07
 -----------------------------------------------------------

 ----------------------------------------------------------- 
 INFO :: Test Execution Info 
 INFO :: NUMBER OF ELEMENTS: 600
 INFO :: REFRESH RATE: 5
 INFO :: BATCH OPERATIONS: 200

 INFO :: NUMBER OF HASHES CHOSEN : 18

 INFO :: TABLE SIZE IN BYTES: 50000

 INFO :: TABLE SIZE CHOSEN : 6250
  INFO :: 3 constituent bloom filters initialized in the FBF
  INFO :: FBFs initialized

  INFO :: Starting the refresh FBF thread
  INFO :: Refreshed FBF
  INFO :: Refreshed FBF

Finished inserting test elements
Stopping FBF threads  RESULT :: Smart FPR = 0.000702519
 RESULT :: Effective FPR: 3.49975e-07
  INFO :: fbf Analysis FPR: 3.49938e-07
 -----------------------------------------------------------

