
  INFO :: FPR Methods vs number of elements inserted into FBF
 ----------------------------------------------------------- 
 INFO :: Test Execution Info 
 INFO :: NUMBER OF ELEMENTS: 100
 INFO :: REFRESH RATE: 5
 INFO :: BATCH OPERATIONS: 75

 INFO :: NUMBER OF HASHES CHOSEN : 3

 INFO :: TABLE SIZE IN BYTES: 50000

 INFO :: TABLE SIZE CHOSEN : 6250
  INFO :: 3 constituent bloom filters initialized in the FBF
  INFO :: FBFs initialized

  INFO :: Starting the refresh FBF thread
  INFO :: Refreshed FBF

Finished inserting test elements
Stopping FBF threads  RESULT :: Smart FPR = 2.5e-05
 RESULT :: Effective FPR: 0.000102939
Elements in : 0 filter: 100
Elements in : 1 filter: 0
Elements in : 2 filter: 0

Salt size: 3
Salt size: 3
Salt size: 3
Salt size: 3
Salt size: 3
Salt size: 3  INFO :: fbf Analysis FPR: 0.000102939
 -----------------------------------------------------------

 ----------------------------------------------------------- 
 INFO :: Test Execution Info 
 INFO :: NUMBER OF ELEMENTS: 200
 INFO :: REFRESH RATE: 5
 INFO :: BATCH OPERATIONS: 75

 INFO :: NUMBER OF HASHES CHOSEN : 3

 INFO :: TABLE SIZE IN BYTES: 50000

 INFO :: TABLE SIZE CHOSEN : 6250
  INFO :: 3 constituent bloom filters initialized in the FBF
  INFO :: FBFs initialized

  INFO :: Starting the refresh FBF thread
  INFO :: Refreshed FBF
  INFO :: Refreshed FBF

Finished inserting test elements
Stopping FBF threads  RESULT :: Smart FPR = 6e-05
 RESULT :: Effective FPR: 5.75507e-05
Elements in : 0 filter: 50
Elements in : 1 filter: 150
Elements in : 2 filter: 0

Salt size: 3
Salt size: 3
Salt size: 3
Salt size: 3
Salt size: 3
Salt size: 3  INFO :: fbf Analysis FPR: 0.00550638
 -----------------------------------------------------------

 ----------------------------------------------------------- 
 INFO :: Test Execution Info 
 INFO :: NUMBER OF ELEMENTS: 300
 INFO :: REFRESH RATE: 5
 INFO :: BATCH OPERATIONS: 75

 INFO :: NUMBER OF HASHES CHOSEN : 3

 INFO :: TABLE SIZE IN BYTES: 50000

 INFO :: TABLE SIZE CHOSEN : 6250
  INFO :: 3 constituent bloom filters initialized in the FBF
  INFO :: FBFs initialized

  INFO :: Starting the refresh FBF thread
  INFO :: Refreshed FBF
  INFO :: Refreshed FBF

Finished inserting test elements
Stopping FBF threads  RESULT :: Smart FPR = 8e-05
 RESULT :: Effective FPR: 0.000379465
Elements in : 0 filter: 150
Elements in : 1 filter: 150
Elements in : 2 filter: 0

Salt size: 3
Salt size: 3
Salt size: 3
Salt size: 3
Salt size: 3
Salt size: 3  INFO :: fbf Analysis FPR: 0.00582653
 -----------------------------------------------------------

 ----------------------------------------------------------- 
 INFO :: Test Execution Info 
 INFO :: NUMBER OF ELEMENTS: 400
 INFO :: REFRESH RATE: 5
 INFO :: BATCH OPERATIONS: 75

 INFO :: NUMBER OF HASHES CHOSEN : 3

 INFO :: TABLE SIZE IN BYTES: 50000

 INFO :: TABLE SIZE CHOSEN : 6250
  INFO :: 3 constituent bloom filters initialized in the FBF
  INFO :: FBFs initialized

  INFO :: Starting the refresh FBF thread
  INFO :: Refreshed FBF
  INFO :: Refreshed FBF
  INFO :: Refreshed FBF

Finished inserting test elements
Stopping FBF threads  RESULT :: Smart FPR = 0.000345
 RESULT :: Effective FPR: 0.000438225
Elements in : 0 filter: 100
Elements in : 1 filter: 150
Elements in : 2 filter: 150

Salt size: 3
Salt size: 3
Salt size: 3
Salt size: 3
Salt size: 3
Salt size: 3  INFO :: fbf Analysis FPR: 0.0103944
 -----------------------------------------------------------

 ----------------------------------------------------------- 
 INFO :: Test Execution Info 
 INFO :: NUMBER OF ELEMENTS: 500
 INFO :: REFRESH RATE: 5
 INFO :: BATCH OPERATIONS: 75

 INFO :: NUMBER OF HASHES CHOSEN : 3

 INFO :: TABLE SIZE IN BYTES: 50000

 INFO :: TABLE SIZE CHOSEN : 6250
  INFO :: 3 constituent bloom filters initialized in the FBF
  INFO :: FBFs initialized

  INFO :: Starting the refresh FBF thread
  INFO :: Refreshed FBF
  INFO :: Refreshed FBF
  INFO :: Refreshed FBF

Finished inserting test elements
Stopping FBF threads  RESULT :: Smart FPR = 0.00039
 RESULT :: Effective FPR: 0.00110214
Elements in : 0 filter: 200
Elements in : 1 filter: 150
Elements in : 2 filter: 150

Salt size: 3
Salt size: 3
Salt size: 3
Salt size: 3
Salt size: 3
Salt size: 3  INFO :: fbf Analysis FPR: 0.0110516
 -----------------------------------------------------------

 ----------------------------------------------------------- 
 INFO :: Test Execution Info 
 INFO :: NUMBER OF ELEMENTS: 600
 INFO :: REFRESH RATE: 5
 INFO :: BATCH OPERATIONS: 75

 INFO :: NUMBER OF HASHES CHOSEN : 3

 INFO :: TABLE SIZE IN BYTES: 50000

 INFO :: TABLE SIZE CHOSEN : 6250
  INFO :: 3 constituent bloom filters initialized in the FBF
  INFO :: FBFs initialized

  INFO :: Starting the refresh FBF thread
  INFO :: Refreshed FBF
  INFO :: Refreshed FBF
  INFO :: Refreshed FBF
  INFO :: Refreshed FBF

Finished inserting test elements
Stopping FBF threads  RESULT :: Smart FPR = 0.000445
 RESULT :: Effective FPR: 0.000677116
Elements in : 0 filter: 75
Elements in : 1 filter: 225
Elements in : 2 filter: 150

Salt size: 3
Salt size: 3
Salt size: 3
Salt size: 3
Salt size: 3
Salt size: 3  INFO :: fbf Analysis FPR: 0.0174108
 -----------------------------------------------------------

