 ----------------------------------------------------------- 
 INFO :: Test Execution Info 
 INFO :: NUMBER OF ELEMENTS: 100
 INFO :: REFRESH RATE: 5
 INFO :: BATCH OPERATIONS: 75

 INFO :: NUMBER OF HASHES CHOSEN : 3

 INFO :: TABLE SIZE IN BYTES: 50000

 INFO :: TABLE SIZE CHOSEN : 6250
  INFO :: 3 constituent bloom filters initialized in the FBF
  INFO :: FBFs initialized

  INFO :: Starting the refresh FBF thread
  INFO :: Refreshed FBF

Finished inserting test elements
Stopping FBF threads  RESULT :: Smart FPR = 1.4e-05
 RESULT :: Effective FPR: 1.37281e-09
  INFO :: fbf Analysis FPR: 1
 -----------------------------------------------------------

 ----------------------------------------------------------- 
 INFO :: Test Execution Info 
 INFO :: NUMBER OF ELEMENTS: 200
 INFO :: REFRESH RATE: 5
 INFO :: BATCH OPERATIONS: 75

 INFO :: NUMBER OF HASHES CHOSEN : 3

 INFO :: TABLE SIZE IN BYTES: 50000

 INFO :: TABLE SIZE CHOSEN : 6250
  INFO :: 3 constituent bloom filters initialized in the FBF
  INFO :: FBFs initialized

  INFO :: Starting the refresh FBF thread
  INFO :: Refreshed FBF
  INFO :: Refreshed FBF

Finished inserting test elements
Stopping FBF threads  RESULT :: Smart FPR = 4.15e-05
 RESULT :: Effective FPR: 4.42165e-05
  INFO :: fbf Analysis FPR: 1.33361e-05
 -----------------------------------------------------------

 ----------------------------------------------------------- 
 INFO :: Test Execution Info 
 INFO :: NUMBER OF ELEMENTS: 300
 INFO :: REFRESH RATE: 5
 INFO :: BATCH OPERATIONS: 75

 INFO :: NUMBER OF HASHES CHOSEN : 3

 INFO :: TABLE SIZE IN BYTES: 50000

 INFO :: TABLE SIZE CHOSEN : 6250
  INFO :: 3 constituent bloom filters initialized in the FBF
  INFO :: FBFs initialized

  INFO :: Starting the refresh FBF thread
  INFO :: Refreshed FBF
  INFO :: Refreshed FBF

Finished inserting test elements
Stopping FBF threads  RESULT :: Smart FPR = 7.75e-05
 RESULT :: Effective FPR: 4.43378e-05
  INFO :: fbf Analysis FPR: 0.000335255
 -----------------------------------------------------------

 ----------------------------------------------------------- 
 INFO :: Test Execution Info 
 INFO :: NUMBER OF ELEMENTS: 400
 INFO :: REFRESH RATE: 5
 INFO :: BATCH OPERATIONS: 75

 INFO :: NUMBER OF HASHES CHOSEN : 3

 INFO :: TABLE SIZE IN BYTES: 50000

 INFO :: TABLE SIZE CHOSEN : 6250
  INFO :: 3 constituent bloom filters initialized in the FBF
  INFO :: FBFs initialized

  INFO :: Starting the refresh FBF thread
  INFO :: Refreshed FBF
  INFO :: Refreshed FBF
  INFO :: Refreshed FBF

Finished inserting test elements
Stopping FBF threads  RESULT :: Smart FPR = 0.000315
 RESULT :: Effective FPR: 0.000335341
  INFO :: fbf Analysis FPR: 0.0695866
 -----------------------------------------------------------

 ----------------------------------------------------------- 
 INFO :: Test Execution Info 
 INFO :: NUMBER OF ELEMENTS: 500
 INFO :: REFRESH RATE: 5
 INFO :: BATCH OPERATIONS: 75

 INFO :: NUMBER OF HASHES CHOSEN : 3

 INFO :: TABLE SIZE IN BYTES: 50000

 INFO :: TABLE SIZE CHOSEN : 6250
  INFO :: 3 constituent bloom filters initialized in the FBF
  INFO :: FBFs initialized

  INFO :: Starting the refresh FBF thread
  INFO :: Refreshed FBF
  INFO :: Refreshed FBF
  INFO :: Refreshed FBF

Finished inserting test elements
Stopping FBF threads  RESULT :: Smart FPR = 0.0003835
 RESULT :: Effective FPR: 0.000335831
  INFO :: fbf Analysis FPR: 0.0702044
 -----------------------------------------------------------

 ----------------------------------------------------------- 
 INFO :: Test Execution Info 
 INFO :: NUMBER OF ELEMENTS: 600
 INFO :: REFRESH RATE: 5
 INFO :: BATCH OPERATIONS: 75

 INFO :: NUMBER OF HASHES CHOSEN : 3

 INFO :: TABLE SIZE IN BYTES: 50000

 INFO :: TABLE SIZE CHOSEN : 6250
  INFO :: 3 constituent bloom filters initialized in the FBF
  INFO :: FBFs initialized

  INFO :: Starting the refresh FBF thread
  INFO :: Refreshed FBF
  INFO :: Refreshed FBF
  INFO :: Refreshed FBF
  INFO :: Refreshed FBF

Finished inserting test elements
Stopping FBF threads  RESULT :: Smart FPR = 0.0005465
 RESULT :: Effective FPR: 0.000632948
  INFO :: fbf Analysis FPR: 0.0695422
 -----------------------------------------------------------

 ----------------------------------------------------------- 
 INFO :: Test Execution Info 
 INFO :: NUMBER OF ELEMENTS: 700
 INFO :: REFRESH RATE: 5
 INFO :: BATCH OPERATIONS: 75

 INFO :: NUMBER OF HASHES CHOSEN : 3

 INFO :: TABLE SIZE IN BYTES: 50000

 INFO :: TABLE SIZE CHOSEN : 6250
  INFO :: 3 constituent bloom filters initialized in the FBF
  INFO :: FBFs initialized

  INFO :: Starting the refresh FBF thread
  INFO :: Refreshed FBF
  INFO :: Refreshed FBF
  INFO :: Refreshed FBF
  INFO :: Refreshed FBF
  INFO :: Refreshed FBF

Finished inserting test elements
Stopping FBF threads  RESULT :: Smart FPR = 0.0005445
 RESULT :: Effective FPR: 0.000632765
  INFO :: fbf Analysis FPR: 0.102441
 -----------------------------------------------------------

 ----------------------------------------------------------- 
 INFO :: Test Execution Info 
 INFO :: NUMBER OF ELEMENTS: 800
 INFO :: REFRESH RATE: 5
 INFO :: BATCH OPERATIONS: 75

 INFO :: NUMBER OF HASHES CHOSEN : 3

 INFO :: TABLE SIZE IN BYTES: 50000

 INFO :: TABLE SIZE CHOSEN : 6250
  INFO :: 3 constituent bloom filters initialized in the FBF
  INFO :: FBFs initialized

  INFO :: Starting the refresh FBF thread
  INFO :: Refreshed FBF
  INFO :: Refreshed FBF
  INFO :: Refreshed FBF
  INFO :: Refreshed FBF
  INFO :: Refreshed FBF

Finished inserting test elements
Stopping FBF threads  RESULT :: Smart FPR = 0.0005695
 RESULT :: Effective FPR: 0.000632935
  INFO :: fbf Analysis FPR: 0.102617
 -----------------------------------------------------------

 ----------------------------------------------------------- 
 INFO :: Test Execution Info 
 INFO :: NUMBER OF ELEMENTS: 900
 INFO :: REFRESH RATE: 5
 INFO :: BATCH OPERATIONS: 75

 INFO :: NUMBER OF HASHES CHOSEN : 3

 INFO :: TABLE SIZE IN BYTES: 50000

 INFO :: TABLE SIZE CHOSEN : 6250
  INFO :: 3 constituent bloom filters initialized in the FBF
  INFO :: FBFs initialized

  INFO :: Starting the refresh FBF thread
  INFO :: Refreshed FBF
  INFO :: Refreshed FBF
  INFO :: Refreshed FBF
  INFO :: Refreshed FBF
  INFO :: Refreshed FBF

Finished inserting test elements
Stopping FBF threads  RESULT :: Smart FPR = 0.000682
 RESULT :: Effective FPR: 0.0006338
  INFO :: fbf Analysis FPR: 0.103402
 -----------------------------------------------------------

 ----------------------------------------------------------- 
 INFO :: Test Execution Info 
 INFO :: NUMBER OF ELEMENTS: 1000
 INFO :: REFRESH RATE: 5
 INFO :: BATCH OPERATIONS: 75

 INFO :: NUMBER OF HASHES CHOSEN : 3

 INFO :: TABLE SIZE IN BYTES: 50000

 INFO :: TABLE SIZE CHOSEN : 6250
  INFO :: 3 constituent bloom filters initialized in the FBF
  INFO :: FBFs initialized

  INFO :: Starting the refresh FBF thread
  INFO :: Refreshed FBF
  INFO :: Refreshed FBF
  INFO :: Refreshed FBF
  INFO :: Refreshed FBF
  INFO :: Refreshed FBF
  INFO :: Refreshed FBF

Finished inserting test elements
Stopping FBF threads  RESULT :: Smart FPR = 0.000552
 RESULT :: Effective FPR: 0.000633029
  INFO :: fbf Analysis FPR: 0.0695968
 -----------------------------------------------------------

 ----------------------------------------------------------- 
 INFO :: Test Execution Info 
 INFO :: NUMBER OF ELEMENTS: 1100
 INFO :: REFRESH RATE: 5
 INFO :: BATCH OPERATIONS: 75

 INFO :: NUMBER OF HASHES CHOSEN : 3

 INFO :: TABLE SIZE IN BYTES: 50000

 INFO :: TABLE SIZE CHOSEN : 6250
  INFO :: 3 constituent bloom filters initialized in the FBF
  INFO :: FBFs initialized

  INFO :: Starting the refresh FBF thread
  INFO :: Refreshed FBF
  INFO :: Refreshed FBF
  INFO :: Refreshed FBF
  INFO :: Refreshed FBF
  INFO :: Refreshed FBF
  INFO :: Refreshed FBF
  INFO :: Refreshed FBF

Finished inserting test elements
Stopping FBF threads  RESULT :: Smart FPR = 0.0005585
 RESULT :: Effective FPR: 0.000632788
  INFO :: fbf Analysis FPR: 0.102451
 -----------------------------------------------------------

 ----------------------------------------------------------- 
 INFO :: Test Execution Info 
 INFO :: NUMBER OF ELEMENTS: 1200
 INFO :: REFRESH RATE: 5
 INFO :: BATCH OPERATIONS: 75

 INFO :: NUMBER OF HASHES CHOSEN : 3

 INFO :: TABLE SIZE IN BYTES: 50000

 INFO :: TABLE SIZE CHOSEN : 6250
  INFO :: 3 constituent bloom filters initialized in the FBF
  INFO :: FBFs initialized

  INFO :: Starting the refresh FBF thread
  INFO :: Refreshed FBF
  INFO :: Refreshed FBF
  INFO :: Refreshed FBF
  INFO :: Refreshed FBF
  INFO :: Refreshed FBF
  INFO :: Refreshed FBF
  INFO :: Refreshed FBF

Finished inserting test elements
Stopping FBF threads  RESULT :: Smart FPR = 0.0005905
 RESULT :: Effective FPR: 0.000633046
  INFO :: fbf Analysis FPR: 0.10274
 -----------------------------------------------------------

 ----------------------------------------------------------- 
 INFO :: Test Execution Info 
 INFO :: NUMBER OF ELEMENTS: 1300
 INFO :: REFRESH RATE: 5
 INFO :: BATCH OPERATIONS: 75

 INFO :: NUMBER OF HASHES CHOSEN : 3

 INFO :: TABLE SIZE IN BYTES: 50000

 INFO :: TABLE SIZE CHOSEN : 6250
  INFO :: 3 constituent bloom filters initialized in the FBF
  INFO :: FBFs initialized

  INFO :: Starting the refresh FBF thread
  INFO :: Refreshed FBF
  INFO :: Refreshed FBF
  INFO :: Refreshed FBF
  INFO :: Refreshed FBF
  INFO :: Refreshed FBF
  INFO :: Refreshed FBF
  INFO :: Refreshed FBF
  INFO :: Refreshed FBF

Finished inserting test elements
Stopping FBF threads  RESULT :: Smart FPR = 0.000541
 RESULT :: Effective FPR: 0.000632847
  INFO :: fbf Analysis FPR: 0.0695026
 -----------------------------------------------------------

 ----------------------------------------------------------- 
 INFO :: Test Execution Info 
 INFO :: NUMBER OF ELEMENTS: 1400
 INFO :: REFRESH RATE: 5
 INFO :: BATCH OPERATIONS: 75

 INFO :: NUMBER OF HASHES CHOSEN : 3

 INFO :: TABLE SIZE IN BYTES: 50000

 INFO :: TABLE SIZE CHOSEN : 6250
  INFO :: 3 constituent bloom filters initialized in the FBF
  INFO :: FBFs initialized

  INFO :: Starting the refresh FBF thread
  INFO :: Refreshed FBF
  INFO :: Refreshed FBF
  INFO :: Refreshed FBF
  INFO :: Refreshed FBF
  INFO :: Refreshed FBF
  INFO :: Refreshed FBF
  INFO :: Refreshed FBF
  INFO :: Refreshed FBF

Finished inserting test elements
Stopping FBF threads  RESULT :: Smart FPR = 0.0005605
 RESULT :: Effective FPR: 0.000633156
  INFO :: fbf Analysis FPR: 0.0696848
 -----------------------------------------------------------

 ----------------------------------------------------------- 
 INFO :: Test Execution Info 
 INFO :: NUMBER OF ELEMENTS: 1500
 INFO :: REFRESH RATE: 5
 INFO :: BATCH OPERATIONS: 75

 INFO :: NUMBER OF HASHES CHOSEN : 3

 INFO :: TABLE SIZE IN BYTES: 50000

 INFO :: TABLE SIZE CHOSEN : 6250
  INFO :: 3 constituent bloom filters initialized in the FBF
  INFO :: FBFs initialized

  INFO :: Starting the refresh FBF thread
  INFO :: Refreshed FBF
  INFO :: Refreshed FBF
  INFO :: Refreshed FBF
  INFO :: Refreshed FBF
  INFO :: Refreshed FBF
  INFO :: Refreshed FBF
  INFO :: Refreshed FBF
  INFO :: Refreshed FBF
  INFO :: Refreshed FBF

Finished inserting test elements
Stopping FBF threads  RESULT :: Smart FPR = 0.0005165
 RESULT :: Effective FPR: 0.000632818
  INFO :: fbf Analysis FPR: 0.102479
 -----------------------------------------------------------

 ----------------------------------------------------------- 
 INFO :: Test Execution Info 
 INFO :: NUMBER OF ELEMENTS: 1600
 INFO :: REFRESH RATE: 5
 INFO :: BATCH OPERATIONS: 75

 INFO :: NUMBER OF HASHES CHOSEN : 3

 INFO :: TABLE SIZE IN BYTES: 50000

 INFO :: TABLE SIZE CHOSEN : 6250
  INFO :: 3 constituent bloom filters initialized in the FBF
  INFO :: FBFs initialized

  INFO :: Starting the refresh FBF thread
  INFO :: Refreshed FBF
  INFO :: Refreshed FBF
  INFO :: Refreshed FBF
  INFO :: Refreshed FBF
  INFO :: Refreshed FBF
  INFO :: Refreshed FBF
  INFO :: Refreshed FBF
  INFO :: Refreshed FBF
  INFO :: Refreshed FBF

Finished inserting test elements
Stopping FBF threads  RESULT :: Smart FPR = 0.000571
 RESULT :: Effective FPR: 0.000633205
  INFO :: fbf Analysis FPR: 0.102909
 -----------------------------------------------------------

 ----------------------------------------------------------- 
 INFO :: Test Execution Info 
 INFO :: NUMBER OF ELEMENTS: 1700
 INFO :: REFRESH RATE: 5
 INFO :: BATCH OPERATIONS: 75

 INFO :: NUMBER OF HASHES CHOSEN : 3

 INFO :: TABLE SIZE IN BYTES: 50000

 INFO :: TABLE SIZE CHOSEN : 6250
  INFO :: 3 constituent bloom filters initialized in the FBF
  INFO :: FBFs initialized

  INFO :: Starting the refresh FBF thread
  INFO :: Refreshed FBF
  INFO :: Refreshed FBF
  INFO :: Refreshed FBF
  INFO :: Refreshed FBF
  INFO :: Refreshed FBF
  INFO :: Refreshed FBF
  INFO :: Refreshed FBF
  INFO :: Refreshed FBF
  INFO :: Refreshed FBF
  INFO :: Refreshed FBF

Finished inserting test elements
Stopping FBF threads  RESULT :: Smart FPR = 0.0005125
 RESULT :: Effective FPR: 0.000632888
  INFO :: fbf Analysis FPR: 0.0695135
 -----------------------------------------------------------

 ----------------------------------------------------------- 
 INFO :: Test Execution Info 
 INFO :: NUMBER OF ELEMENTS: 1800
 INFO :: REFRESH RATE: 5
 INFO :: BATCH OPERATIONS: 75

 INFO :: NUMBER OF HASHES CHOSEN : 3

 INFO :: TABLE SIZE IN BYTES: 50000

 INFO :: TABLE SIZE CHOSEN : 6250
  INFO :: 3 constituent bloom filters initialized in the FBF
  INFO :: FBFs initialized

  INFO :: Starting the refresh FBF thread
  INFO :: Refreshed FBF
  INFO :: Refreshed FBF
  INFO :: Refreshed FBF
  INFO :: Refreshed FBF
  INFO :: Refreshed FBF
  INFO :: Refreshed FBF
  INFO :: Refreshed FBF
  INFO :: Refreshed FBF
  INFO :: Refreshed FBF
  INFO :: Refreshed FBF

Finished inserting test elements
Stopping FBF threads  RESULT :: Smart FPR = 0.000543
 RESULT :: Effective FPR: 0.000633334
  INFO :: fbf Analysis FPR: 0.069813
 -----------------------------------------------------------

 ----------------------------------------------------------- 
 INFO :: Test Execution Info 
 INFO :: NUMBER OF ELEMENTS: 1900
 INFO :: REFRESH RATE: 5
 INFO :: BATCH OPERATIONS: 75

 INFO :: NUMBER OF HASHES CHOSEN : 3

 INFO :: TABLE SIZE IN BYTES: 50000

 INFO :: TABLE SIZE CHOSEN : 6250
  INFO :: 3 constituent bloom filters initialized in the FBF
  INFO :: FBFs initialized

  INFO :: Starting the refresh FBF thread
  INFO :: Refreshed FBF
  INFO :: Refreshed FBF
  INFO :: Refreshed FBF
  INFO :: Refreshed FBF
  INFO :: Refreshed FBF
  INFO :: Refreshed FBF
  INFO :: Refreshed FBF
  INFO :: Refreshed FBF
  INFO :: Refreshed FBF
  INFO :: Refreshed FBF
  INFO :: Refreshed FBF

Finished inserting test elements
Stopping FBF threads  RESULT :: Smart FPR = 0.0005695
 RESULT :: Effective FPR: 0.000632867
  INFO :: fbf Analysis FPR: 0.102532
 -----------------------------------------------------------

 ----------------------------------------------------------- 
 INFO :: Test Execution Info 
 INFO :: NUMBER OF ELEMENTS: 2000
 INFO :: REFRESH RATE: 5
 INFO :: BATCH OPERATIONS: 75

 INFO :: NUMBER OF HASHES CHOSEN : 3

 INFO :: TABLE SIZE IN BYTES: 50000

 INFO :: TABLE SIZE CHOSEN : 6250
  INFO :: 3 constituent bloom filters initialized in the FBF
  INFO :: FBFs initialized

  INFO :: Starting the refresh FBF thread
  INFO :: Refreshed FBF
  INFO :: Refreshed FBF
  INFO :: Refreshed FBF
  INFO :: Refreshed FBF
  INFO :: Refreshed FBF
  INFO :: Refreshed FBF
  INFO :: Refreshed FBF
  INFO :: Refreshed FBF
  INFO :: Refreshed FBF
  INFO :: Refreshed FBF
  INFO :: Refreshed FBF

Finished inserting test elements
Stopping FBF threads  RESULT :: Smart FPR = 0.000661
 RESULT :: Effective FPR: 0.000633453
  INFO :: fbf Analysis FPR: 0.103128
 -----------------------------------------------------------

 ----------------------------------------------------------- 
 INFO :: Test Execution Info 
 INFO :: NUMBER OF ELEMENTS: 2100
 INFO :: REFRESH RATE: 5
 INFO :: BATCH OPERATIONS: 75

 INFO :: NUMBER OF HASHES CHOSEN : 3

 INFO :: TABLE SIZE IN BYTES: 50000

 INFO :: TABLE SIZE CHOSEN : 6250
  INFO :: 3 constituent bloom filters initialized in the FBF
  INFO :: FBFs initialized

  INFO :: Starting the refresh FBF thread
  INFO :: Refreshed FBF
  INFO :: Refreshed FBF
  INFO :: Refreshed FBF
  INFO :: Refreshed FBF
  INFO :: Refreshed FBF
  INFO :: Refreshed FBF
  INFO :: Refreshed FBF
  INFO :: Refreshed FBF
  INFO :: Refreshed FBF
  INFO :: Refreshed FBF
  INFO :: Refreshed FBF
  INFO :: Refreshed FBF

Finished inserting test elements
Stopping FBF threads  RESULT :: Smart FPR = 0.000561
 RESULT :: Effective FPR: 0.000632948
  INFO :: fbf Analysis FPR: 0.0695422
 -----------------------------------------------------------

 ----------------------------------------------------------- 
 INFO :: Test Execution Info 
 INFO :: NUMBER OF ELEMENTS: 2200
 INFO :: REFRESH RATE: 5
 INFO :: BATCH OPERATIONS: 75

 INFO :: NUMBER OF HASHES CHOSEN : 3

 INFO :: TABLE SIZE IN BYTES: 50000

 INFO :: TABLE SIZE CHOSEN : 6250
  INFO :: 3 constituent bloom filters initialized in the FBF
  INFO :: FBFs initialized

  INFO :: Starting the refresh FBF thread
  INFO :: Refreshed FBF
  INFO :: Refreshed FBF
  INFO :: Refreshed FBF
  INFO :: Refreshed FBF
  INFO :: Refreshed FBF
  INFO :: Refreshed FBF
  INFO :: Refreshed FBF
  INFO :: Refreshed FBF
  INFO :: Refreshed FBF
  INFO :: Refreshed FBF
  INFO :: Refreshed FBF
  INFO :: Refreshed FBF
  INFO :: Refreshed FBF

Finished inserting test elements
Stopping FBF threads  RESULT :: Smart FPR = 0.000606
 RESULT :: Effective FPR: 0.000632765
  INFO :: fbf Analysis FPR: 0.102441
 -----------------------------------------------------------

 ----------------------------------------------------------- 
 INFO :: Test Execution Info 
 INFO :: NUMBER OF ELEMENTS: 2300
 INFO :: REFRESH RATE: 5
 INFO :: BATCH OPERATIONS: 75

 INFO :: NUMBER OF HASHES CHOSEN : 3

 INFO :: TABLE SIZE IN BYTES: 50000

 INFO :: TABLE SIZE CHOSEN : 6250
  INFO :: 3 constituent bloom filters initialized in the FBF
  INFO :: FBFs initialized

  INFO :: Starting the refresh FBF thread
  INFO :: Refreshed FBF
  INFO :: Refreshed FBF
  INFO :: Refreshed FBF
  INFO :: Refreshed FBF
  INFO :: Refreshed FBF
  INFO :: Refreshed FBF
  INFO :: Refreshed FBF
  INFO :: Refreshed FBF
  INFO :: Refreshed FBF
  INFO :: Refreshed FBF
  INFO :: Refreshed FBF
  INFO :: Refreshed FBF
  INFO :: Refreshed FBF

Finished inserting test elements
Stopping FBF threads  RESULT :: Smart FPR = 0.0006275
 RESULT :: Effective FPR: 0.000632935
  INFO :: fbf Analysis FPR: 0.102617
 -----------------------------------------------------------

 ----------------------------------------------------------- 
 INFO :: Test Execution Info 
 INFO :: NUMBER OF ELEMENTS: 2400
 INFO :: REFRESH RATE: 5
 INFO :: BATCH OPERATIONS: 75

 INFO :: NUMBER OF HASHES CHOSEN : 3

 INFO :: TABLE SIZE IN BYTES: 50000

 INFO :: TABLE SIZE CHOSEN : 6250
  INFO :: 3 constituent bloom filters initialized in the FBF
  INFO :: FBFs initialized

  INFO :: Starting the refresh FBF thread
  INFO :: Refreshed FBF
  INFO :: Refreshed FBF
  INFO :: Refreshed FBF
  INFO :: Refreshed FBF
  INFO :: Refreshed FBF
  INFO :: Refreshed FBF
  INFO :: Refreshed FBF
  INFO :: Refreshed FBF
  INFO :: Refreshed FBF
  INFO :: Refreshed FBF
  INFO :: Refreshed FBF
  INFO :: Refreshed FBF
  INFO :: Refreshed FBF

Finished inserting test elements
Stopping FBF threads  RESULT :: Smart FPR = 0.0007295
 RESULT :: Effective FPR: 0.0006338
  INFO :: fbf Analysis FPR: 0.103402
 -----------------------------------------------------------

 ----------------------------------------------------------- 
 INFO :: Test Execution Info 
 INFO :: NUMBER OF ELEMENTS: 2500
 INFO :: REFRESH RATE: 5
 INFO :: BATCH OPERATIONS: 75

 INFO :: NUMBER OF HASHES CHOSEN : 3

 INFO :: TABLE SIZE IN BYTES: 50000

 INFO :: TABLE SIZE CHOSEN : 6250
  INFO :: 3 constituent bloom filters initialized in the FBF
  INFO :: FBFs initialized

  INFO :: Starting the refresh FBF thread
  INFO :: Refreshed FBF
  INFO :: Refreshed FBF
  INFO :: Refreshed FBF
  INFO :: Refreshed FBF
  INFO :: Refreshed FBF
  INFO :: Refreshed FBF
  INFO :: Refreshed FBF
  INFO :: Refreshed FBF
  INFO :: Refreshed FBF
  INFO :: Refreshed FBF
  INFO :: Refreshed FBF
  INFO :: Refreshed FBF
  INFO :: Refreshed FBF
  INFO :: Refreshed FBF

Finished inserting test elements
Stopping FBF threads  RESULT :: Smart FPR = 0.0005645
 RESULT :: Effective FPR: 0.000633029
  INFO :: fbf Analysis FPR: 0.0695968
 -----------------------------------------------------------

