
  INFO :: Vary number of constituent bloom filters
 ----------------------------------------------------------- 
 INFO :: Test Execution Info 
 INFO :: NUMBER OF ELEMENTS: 3000
 INFO :: REFRESH RATE: 5
 INFO :: BATCH OPERATIONS: 100

 INFO :: NUMBER OF HASHES CHOSEN : 5

 INFO :: TABLE SIZE IN BYTES: 200000

 INFO :: TABLE SIZE CHOSEN : 25000
  INFO :: 3 constituent bloom filters initialized in the FBF
  INFO :: FBFs initialized

  INFO :: Starting the refresh FBF thread
  INFO :: Refreshed FBF
  INFO :: Refreshed FBF
  INFO :: Refreshed FBF
  INFO :: Refreshed FBF
  INFO :: Refreshed FBF
  INFO :: Refreshed FBF
  INFO :: Refreshed FBF
  INFO :: Refreshed FBF
  INFO :: Refreshed FBF
  INFO :: Refreshed FBF
  INFO :: Refreshed FBF
  INFO :: Refreshed FBF
  INFO :: Refreshed FBF

Finished inserting test elements
Stopping FBF threads INFO :: Time elapsed in for loop: 60.1235
 INFO :: Rate of insertion: 49.8973 per second
 RESULT :: Effective FPR: 7.8073e-06
 -----------------------------------------------------------

 ----------------------------------------------------------- 
 INFO :: Test Execution Info 
 INFO :: NUMBER OF ELEMENTS: 3000
 INFO :: REFRESH RATE: 5
 INFO :: BATCH OPERATIONS: 100

 INFO :: NUMBER OF HASHES CHOSEN : 5

 INFO :: TABLE SIZE IN BYTES: 200000

 INFO :: TABLE SIZE CHOSEN : 25000
  INFO :: 6 constituent bloom filters initialized in the FBF
  INFO :: FBFs initialized

  INFO :: Starting the refresh FBF thread
  INFO :: Refreshed FBF
  INFO :: Refreshed FBF
  INFO :: Refreshed FBF
  INFO :: Refreshed FBF
  INFO :: Refreshed FBF
  INFO :: Refreshed FBF
  INFO :: Refreshed FBF
  INFO :: Refreshed FBF
  INFO :: Refreshed FBF
  INFO :: Refreshed FBF
  INFO :: Refreshed FBF
  INFO :: Refreshed FBF
  INFO :: Refreshed FBF

Finished inserting test elements
Stopping FBF threads INFO :: Time elapsed in for loop: 60.129
 INFO :: Rate of insertion: 49.8928 per second
 RESULT :: Effective FPR: 7.80748e-06
 -----------------------------------------------------------

 ----------------------------------------------------------- 
 INFO :: Test Execution Info 
 INFO :: NUMBER OF ELEMENTS: 3000
 INFO :: REFRESH RATE: 5
 INFO :: BATCH OPERATIONS: 100

 INFO :: NUMBER OF HASHES CHOSEN : 5

 INFO :: TABLE SIZE IN BYTES: 200000

 INFO :: TABLE SIZE CHOSEN : 25000
  INFO :: 12 constituent bloom filters initialized in the FBF
  INFO :: FBFs initialized

  INFO :: Starting the refresh FBF thread
  INFO :: Refreshed FBF
  INFO :: Refreshed FBF
  INFO :: Refreshed FBF
  INFO :: Refreshed FBF
  INFO :: Refreshed FBF
  INFO :: Refreshed FBF
  INFO :: Refreshed FBF
  INFO :: Refreshed FBF
  INFO :: Refreshed FBF
  INFO :: Refreshed FBF
  INFO :: Refreshed FBF
  INFO :: Refreshed FBF
  INFO :: Refreshed FBF

Finished inserting test elements
Stopping FBF threads INFO :: Time elapsed in for loop: 60.1085
 INFO :: Rate of insertion: 49.9097 per second
 RESULT :: Effective FPR: 7.80785e-06
 -----------------------------------------------------------

 ----------------------------------------------------------- 
 INFO :: Test Execution Info 
 INFO :: NUMBER OF ELEMENTS: 3000
 INFO :: REFRESH RATE: 5
 INFO :: BATCH OPERATIONS: 100

 INFO :: NUMBER OF HASHES CHOSEN : 5

 INFO :: TABLE SIZE IN BYTES: 200000

 INFO :: TABLE SIZE CHOSEN : 25000
  INFO :: 24 constituent bloom filters initialized in the FBF
  INFO :: FBFs initialized

  INFO :: Starting the refresh FBF thread
  INFO :: Refreshed FBF
  INFO :: Refreshed FBF
  INFO :: Refreshed FBF
  INFO :: Refreshed FBF
  INFO :: Refreshed FBF
  INFO :: Refreshed FBF
  INFO :: Refreshed FBF
  INFO :: Refreshed FBF
  INFO :: Refreshed FBF
  INFO :: Refreshed FBF
  INFO :: Refreshed FBF
  INFO :: Refreshed FBF
  INFO :: Refreshed FBF

Finished inserting test elements
Stopping FBF threads INFO :: Time elapsed in for loop: 60.1115
 INFO :: Rate of insertion: 49.9073 per second
 RESULT :: Effective FPR: 3.61879e-09
 -----------------------------------------------------------

 ----------------------------------------------------------- 
 INFO :: Test Execution Info 
 INFO :: NUMBER OF ELEMENTS: 3000
 INFO :: REFRESH RATE: 5
 INFO :: BATCH OPERATIONS: 500

 INFO :: NUMBER OF HASHES CHOSEN : 5

 INFO :: TABLE SIZE IN BYTES: 200000

 INFO :: TABLE SIZE CHOSEN : 25000
  INFO :: 3 constituent bloom filters initialized in the FBF
  INFO :: FBFs initialized

  INFO :: Starting the refresh FBF thread
  INFO :: Refreshed FBF
  INFO :: Refreshed FBF
  INFO :: Refreshed FBF

Finished inserting test elements
Stopping FBF threads INFO :: Time elapsed in for loop: 12.034
 INFO :: Rate of insertion: 249.293 per second
 RESULT :: Effective FPR: 0.00410466
 -----------------------------------------------------------

 ----------------------------------------------------------- 
 INFO :: Test Execution Info 
 INFO :: NUMBER OF ELEMENTS: 3000
 INFO :: REFRESH RATE: 5
 INFO :: BATCH OPERATIONS: 500

 INFO :: NUMBER OF HASHES CHOSEN : 5

 INFO :: TABLE SIZE IN BYTES: 200000

 INFO :: TABLE SIZE CHOSEN : 25000
  INFO :: 6 constituent bloom filters initialized in the FBF
  INFO :: FBFs initialized

  INFO :: Starting the refresh FBF thread
  INFO :: Refreshed FBF
  INFO :: Refreshed FBF
  INFO :: Refreshed FBF

Finished inserting test elements
Stopping FBF threads INFO :: Time elapsed in for loop: 12.0406
 INFO :: Rate of insertion: 249.157 per second
 RESULT :: Effective FPR: 0.00021164
 -----------------------------------------------------------

 ----------------------------------------------------------- 
 INFO :: Test Execution Info 
 INFO :: NUMBER OF ELEMENTS: 3000
 INFO :: REFRESH RATE: 5
 INFO :: BATCH OPERATIONS: 500

 INFO :: NUMBER OF HASHES CHOSEN : 5

 INFO :: TABLE SIZE IN BYTES: 200000

 INFO :: TABLE SIZE CHOSEN : 25000
  INFO :: 12 constituent bloom filters initialized in the FBF
  INFO :: FBFs initialized

  INFO :: Starting the refresh FBF thread
  INFO :: Refreshed FBF
  INFO :: Refreshed FBF
  INFO :: Refreshed FBF

Finished inserting test elements
Stopping FBF threads INFO :: Time elapsed in for loop: 12.0381
 INFO :: Rate of insertion: 249.208 per second
 RESULT :: Effective FPR: 0.00021164
 -----------------------------------------------------------

 ----------------------------------------------------------- 
 INFO :: Test Execution Info 
 INFO :: NUMBER OF ELEMENTS: 3000
 INFO :: REFRESH RATE: 5
 INFO :: BATCH OPERATIONS: 500

 INFO :: NUMBER OF HASHES CHOSEN : 5

 INFO :: TABLE SIZE IN BYTES: 200000

 INFO :: TABLE SIZE CHOSEN : 25000
  INFO :: 24 constituent bloom filters initialized in the FBF
  INFO :: FBFs initialized

  INFO :: Starting the refresh FBF thread
  INFO :: Refreshed FBF
  INFO :: Refreshed FBF
  INFO :: Refreshed FBF

Finished inserting test elements
Stopping FBF threads INFO :: Time elapsed in for loop: 12.0368
 INFO :: Rate of insertion: 249.235 per second
 RESULT :: Effective FPR: 0.00021164
 -----------------------------------------------------------

 ----------------------------------------------------------- 
 INFO :: Test Execution Info 
 INFO :: NUMBER OF ELEMENTS: 3000
 INFO :: REFRESH RATE: 5
 INFO :: BATCH OPERATIONS: 750

 INFO :: NUMBER OF HASHES CHOSEN : 5

 INFO :: TABLE SIZE IN BYTES: 200000

 INFO :: TABLE SIZE CHOSEN : 25000
  INFO :: 3 constituent bloom filters initialized in the FBF
  INFO :: FBFs initialized

  INFO :: Starting the refresh FBF thread
  INFO :: Refreshed FBF
  INFO :: Refreshed FBF

Finished inserting test elements
Stopping FBF threads INFO :: Time elapsed in for loop: 8.02833
 INFO :: Rate of insertion: 373.677 per second
 RESULT :: Effective FPR: 0.00235957
 -----------------------------------------------------------

 ----------------------------------------------------------- 
 INFO :: Test Execution Info 
 INFO :: NUMBER OF ELEMENTS: 3000
 INFO :: REFRESH RATE: 5
 INFO :: BATCH OPERATIONS: 750

 INFO :: NUMBER OF HASHES CHOSEN : 5

 INFO :: TABLE SIZE IN BYTES: 200000

 INFO :: TABLE SIZE CHOSEN : 25000
  INFO :: 6 constituent bloom filters initialized in the FBF
  INFO :: FBFs initialized

  INFO :: Starting the refresh FBF thread
  INFO :: Refreshed FBF
  INFO :: Refreshed FBF

Finished inserting test elements
Stopping FBF threads INFO :: Time elapsed in for loop: 8.02756
 INFO :: Rate of insertion: 373.712 per second
 RESULT :: Effective FPR: 0.0011914
 -----------------------------------------------------------

 ----------------------------------------------------------- 
 INFO :: Test Execution Info 
 INFO :: NUMBER OF ELEMENTS: 3000
 INFO :: REFRESH RATE: 5
 INFO :: BATCH OPERATIONS: 750

 INFO :: NUMBER OF HASHES CHOSEN : 5

 INFO :: TABLE SIZE IN BYTES: 200000

 INFO :: TABLE SIZE CHOSEN : 25000
  INFO :: 12 constituent bloom filters initialized in the FBF
  INFO :: FBFs initialized

  INFO :: Starting the refresh FBF thread
  INFO :: Refreshed FBF
  INFO :: Refreshed FBF

Finished inserting test elements
Stopping FBF threads INFO :: Time elapsed in for loop: 8.02918
 INFO :: Rate of insertion: 373.637 per second
 RESULT :: Effective FPR: 0.0011914
 -----------------------------------------------------------

 ----------------------------------------------------------- 
 INFO :: Test Execution Info 
 INFO :: NUMBER OF ELEMENTS: 3000
 INFO :: REFRESH RATE: 5
 INFO :: BATCH OPERATIONS: 750

 INFO :: NUMBER OF HASHES CHOSEN : 5

 INFO :: TABLE SIZE IN BYTES: 200000

 INFO :: TABLE SIZE CHOSEN : 25000
  INFO :: 24 constituent bloom filters initialized in the FBF
  INFO :: FBFs initialized

  INFO :: Starting the refresh FBF thread
  INFO :: Refreshed FBF
  INFO :: Refreshed FBF

Finished inserting test elements
Stopping FBF threads INFO :: Time elapsed in for loop: 8.02276
 INFO :: Rate of insertion: 373.936 per second
 RESULT :: Effective FPR: 0.0011914
 -----------------------------------------------------------

